<?xml version="1.0" encoding="UTF-8"?>
<robot generator="Robot 7.3.2 (Python 3.14.0 on win32)" generated="2025-11-09T20:54:06.650748" rpa="false" schemaversion="5">
<suite id="s1" name="Runner" source="C:\Users\Client\Desktop\task_automation_robot\robot\runner.robot">
<test id="s1-t1" name="Simuler Plusieurs Exécutions Réalistes" line="16">
<kw name="Log To Console" owner="BuiltIn">
<arg>=== Début de la simulation réaliste ===</arg>
<doc>Logs the given message to the console.</doc>
<status status="PASS" start="2025-11-09T20:54:07.410955" elapsed="0.000569"/>
</kw>
<kw name="Create List" owner="BuiltIn">
<msg time="2025-11-09T20:54:07.412270" level="INFO">${all_results} = []</msg>
<var>${all_results}</var>
<doc>Returns a list containing given items.</doc>
<status status="PASS" start="2025-11-09T20:54:07.411995" elapsed="0.000316"/>
</kw>
<kw name="Run Keyword And Return Status" owner="BuiltIn">
<kw name="File Should Exist" owner="OperatingSystem">
<msg time="2025-11-09T20:54:07.413316" level="FAIL">File 'C:\Users\Client\Desktop\task_automation_robot\robot\backend\data\logs.json' does not exist.</msg>
<arg>${LOG_FILE}</arg>
<doc>Fails unless the given ``path`` points to an existing file.</doc>
<status status="FAIL" start="2025-11-09T20:54:07.412884" elapsed="0.000615">File 'C:\Users\Client\Desktop\task_automation_robot\robot\backend\data\logs.json' does not exist.</status>
</kw>
<msg time="2025-11-09T20:54:07.413637" level="INFO">${exists} = False</msg>
<var>${exists}</var>
<arg>File Should Exist</arg>
<arg>${LOG_FILE}</arg>
<doc>Runs the given keyword with given arguments and returns the status as a Boolean value.</doc>
<status status="PASS" start="2025-11-09T20:54:07.412718" elapsed="0.000945"/>
</kw>
<if>
<branch type="IF" condition="${exists}">
<kw name="Load Json From File" owner="JSONLibrary">
<var>${all_results}</var>
<arg>${LOG_FILE}</arg>
<doc>Load JSON from file.</doc>
<status status="NOT RUN" start="2025-11-09T20:54:07.414271" elapsed="0.000021"/>
</kw>
<status status="NOT RUN" start="2025-11-09T20:54:07.414065" elapsed="0.000265"/>
</branch>
<status status="PASS" start="2025-11-09T20:54:07.414002" elapsed="0.000357"/>
</if>
<for flavor="IN">
<iter>
<kw name="Log To Console" owner="BuiltIn">
<arg>---- Simulation pour la tâche ${task} ----</arg>
<doc>Logs the given message to the console.</doc>
<status status="PASS" start="2025-11-09T20:54:07.415056" elapsed="0.000468"/>
</kw>
<for flavor="IN RANGE">
<iter>
<kw name="Evaluate" owner="BuiltIn">
<msg time="2025-11-09T20:54:07.416706" level="INFO">${duration} = 3</msg>
<var>${duration}</var>
<arg>random.randint(1, 3)</arg>
<arg>modules=random</arg>
<doc>Evaluates the given expression in Python and returns the result.</doc>
<status status="PASS" start="2025-11-09T20:54:07.416116" elapsed="0.000702"/>
</kw>
<kw name="Sleep" owner="BuiltIn">
<msg time="2025-11-09T20:54:10.417866" level="INFO">Slept 3 seconds.</msg>
<arg>${duration}s</arg>
<doc>Pauses the test executed for the given time.</doc>
<status status="PASS" start="2025-11-09T20:54:07.417010" elapsed="3.001152"/>
</kw>
<kw name="Evaluate" owner="BuiltIn">
<msg time="2025-11-09T20:54:10.419637" level="INFO">${success} = False</msg>
<var>${success}</var>
<arg>random.choice([True, False])</arg>
<arg>modules=random</arg>
<doc>Evaluates the given expression in Python and returns the result.</doc>
<status status="PASS" start="2025-11-09T20:54:10.418713" elapsed="0.001020"/>
</kw>
<kw name="Set Variable If" owner="BuiltIn">
<msg time="2025-11-09T20:54:10.420555" level="INFO">${status} = échoué</msg>
<var>${status}</var>
<arg>${success}</arg>
<arg>réussi</arg>
<arg>échoué</arg>
<doc>Sets variable based on the given condition.</doc>
<status status="PASS" start="2025-11-09T20:54:10.420109" elapsed="0.000529"/>
</kw>
<kw name="Get Current Date" owner="DateTime">
<msg time="2025-11-09T20:54:10.421448" level="INFO">${timestamp} = 2025-11-09 20:54:10</msg>
<var>${timestamp}</var>
<arg>result_format=%Y-%m-%d %H:%M:%S</arg>
<doc>Returns current local or UTC time with an optional increment.</doc>
<status status="PASS" start="2025-11-09T20:54:10.420951" elapsed="0.000595"/>
</kw>
<kw name="Create Dictionary" owner="BuiltIn">
<msg time="2025-11-09T20:54:10.422910" level="INFO">${entry} = {'task': 'backup', 'duration': 3, 'success': False, 'timestamp': '2025-11-09 20:54:10'}</msg>
<var>${entry}</var>
<arg>task=${task}</arg>
<arg>duration=${duration}</arg>
<arg>success=${success}</arg>
<arg>timestamp=${timestamp}</arg>
<doc>Creates and returns a dictionary based on the given ``items``.</doc>
<status status="PASS" start="2025-11-09T20:54:10.421833" elapsed="0.001152"/>
</kw>
<kw name="Append To List" owner="Collections">
<arg>${all_results}</arg>
<arg>${entry}</arg>
<doc>Adds ``values`` to the end of ``list``.</doc>
<status status="PASS" start="2025-11-09T20:54:10.423256" elapsed="0.000373"/>
</kw>
<kw name="Log To Console" owner="BuiltIn">
<arg>${task} #${i} : ${status} (${duration}s)</arg>
<doc>Logs the given message to the console.</doc>
<status status="PASS" start="2025-11-09T20:54:10.423875" elapsed="0.001163"/>
</kw>
<var name="${i}">0</var>
<status status="PASS" start="2025-11-09T20:54:07.415987" elapsed="3.009261"/>
</iter>
<iter>
<kw name="Evaluate" owner="BuiltIn">
<msg time="2025-11-09T20:54:10.426820" level="INFO">${duration} = 3</msg>
<var>${duration}</var>
<arg>random.randint(1, 3)</arg>
<arg>modules=random</arg>
<doc>Evaluates the given expression in Python and returns the result.</doc>
<status status="PASS" start="2025-11-09T20:54:10.426077" elapsed="0.000827"/>
</kw>
<kw name="Sleep" owner="BuiltIn">
<msg time="2025-11-09T20:54:13.428205" level="INFO">Slept 3 seconds.</msg>
<arg>${duration}s</arg>
<doc>Pauses the test executed for the given time.</doc>
<status status="PASS" start="2025-11-09T20:54:10.427185" elapsed="3.001283"/>
</kw>
<kw name="Evaluate" owner="BuiltIn">
<msg time="2025-11-09T20:54:13.429713" level="INFO">${success} = True</msg>
<var>${success}</var>
<arg>random.choice([True, False])</arg>
<arg>modules=random</arg>
<doc>Evaluates the given expression in Python and returns the result.</doc>
<status status="PASS" start="2025-11-09T20:54:13.428885" elapsed="0.000914"/>
</kw>
<kw name="Set Variable If" owner="BuiltIn">
<msg time="2025-11-09T20:54:13.430527" level="INFO">${status} = réussi</msg>
<var>${status}</var>
<arg>${success}</arg>
<arg>réussi</arg>
<arg>échoué</arg>
<doc>Sets variable based on the given condition.</doc>
<status status="PASS" start="2025-11-09T20:54:13.430148" elapsed="0.000449"/>
</kw>
<kw name="Get Current Date" owner="DateTime">
<msg time="2025-11-09T20:54:13.431354" level="INFO">${timestamp} = 2025-11-09 20:54:13</msg>
<var>${timestamp}</var>
<arg>result_format=%Y-%m-%d %H:%M:%S</arg>
<doc>Returns current local or UTC time with an optional increment.</doc>
<status status="PASS" start="2025-11-09T20:54:13.430858" elapsed="0.000565"/>
</kw>
<kw name="Create Dictionary" owner="BuiltIn">
<msg time="2025-11-09T20:54:13.432490" level="INFO">${entry} = {'task': 'backup', 'duration': 3, 'success': True, 'timestamp': '2025-11-09 20:54:13'}</msg>
<var>${entry}</var>
<arg>task=${task}</arg>
<arg>duration=${duration}</arg>
<arg>success=${success}</arg>
<arg>timestamp=${timestamp}</arg>
<doc>Creates and returns a dictionary based on the given ``items``.</doc>
<status status="PASS" start="2025-11-09T20:54:13.431683" elapsed="0.000878"/>
</kw>
<kw name="Append To List" owner="Collections">
<arg>${all_results}</arg>
<arg>${entry}</arg>
<doc>Adds ``values`` to the end of ``list``.</doc>
<status status="PASS" start="2025-11-09T20:54:13.432823" elapsed="0.000379"/>
</kw>
<kw name="Log To Console" owner="BuiltIn">
<arg>${task} #${i} : ${status} (${duration}s)</arg>
<doc>Logs the given message to the console.</doc>
<status status="PASS" start="2025-11-09T20:54:13.433440" elapsed="0.001154"/>
</kw>
<var name="${i}">1</var>
<status status="PASS" start="2025-11-09T20:54:10.425777" elapsed="3.009033"/>
</iter>
<iter>
<kw name="Evaluate" owner="BuiltIn">
<msg time="2025-11-09T20:54:13.436454" level="INFO">${duration} = 1</msg>
<var>${duration}</var>
<arg>random.randint(1, 3)</arg>
<arg>modules=random</arg>
<doc>Evaluates the given expression in Python and returns the result.</doc>
<status status="PASS" start="2025-11-09T20:54:13.435653" elapsed="0.000887"/>
</kw>
<kw name="Sleep" owner="BuiltIn">
<msg time="2025-11-09T20:54:14.437825" level="INFO">Slept 1 second.</msg>
<arg>${duration}s</arg>
<doc>Pauses the test executed for the given time.</doc>
<status status="PASS" start="2025-11-09T20:54:13.436812" elapsed="1.001283"/>
</kw>
<kw name="Evaluate" owner="BuiltIn">
<msg time="2025-11-09T20:54:14.439334" level="INFO">${success} = True</msg>
<var>${success}</var>
<arg>random.choice([True, False])</arg>
<arg>modules=random</arg>
<doc>Evaluates the given expression in Python and returns the result.</doc>
<status status="PASS" start="2025-11-09T20:54:14.438507" elapsed="0.000913"/>
</kw>
<kw name="Set Variable If" owner="BuiltIn">
<msg time="2025-11-09T20:54:14.440139" level="INFO">${status} = réussi</msg>
<var>${status}</var>
<arg>${success}</arg>
<arg>réussi</arg>
<arg>échoué</arg>
<doc>Sets variable based on the given condition.</doc>
<status status="PASS" start="2025-11-09T20:54:14.439769" elapsed="0.000440"/>
</kw>
<kw name="Get Current Date" owner="DateTime">
<msg time="2025-11-09T20:54:14.440938" level="INFO">${timestamp} = 2025-11-09 20:54:14</msg>
<var>${timestamp}</var>
<arg>result_format=%Y-%m-%d %H:%M:%S</arg>
<doc>Returns current local or UTC time with an optional increment.</doc>
<status status="PASS" start="2025-11-09T20:54:14.440476" elapsed="0.000530"/>
</kw>
<kw name="Create Dictionary" owner="BuiltIn">
<msg time="2025-11-09T20:54:14.442122" level="INFO">${entry} = {'task': 'backup', 'duration': 1, 'success': True, 'timestamp': '2025-11-09 20:54:14'}</msg>
<var>${entry}</var>
<arg>task=${task}</arg>
<arg>duration=${duration}</arg>
<arg>success=${success}</arg>
<arg>timestamp=${timestamp}</arg>
<doc>Creates and returns a dictionary based on the given ``items``.</doc>
<status status="PASS" start="2025-11-09T20:54:14.441263" elapsed="0.000933"/>
</kw>
<kw name="Append To List" owner="Collections">
<arg>${all_results}</arg>
<arg>${entry}</arg>
<doc>Adds ``values`` to the end of ``list``.</doc>
<status status="PASS" start="2025-11-09T20:54:14.442484" elapsed="0.000406"/>
</kw>
<kw name="Log To Console" owner="BuiltIn">
<arg>${task} #${i} : ${status} (${duration}s)</arg>
<doc>Logs the given message to the console.</doc>
<status status="PASS" start="2025-11-09T20:54:14.443159" elapsed="0.001054"/>
</kw>
<var name="${i}">2</var>
<status status="PASS" start="2025-11-09T20:54:13.435373" elapsed="1.009033"/>
</iter>
<iter>
<kw name="Evaluate" owner="BuiltIn">
<msg time="2025-11-09T20:54:14.445951" level="INFO">${duration} = 3</msg>
<var>${duration}</var>
<arg>random.randint(1, 3)</arg>
<arg>modules=random</arg>
<doc>Evaluates the given expression in Python and returns the result.</doc>
<status status="PASS" start="2025-11-09T20:54:14.445225" elapsed="0.000810"/>
</kw>
<kw name="Sleep" owner="BuiltIn">
<msg time="2025-11-09T20:54:17.447110" level="INFO">Slept 3 seconds.</msg>
<arg>${duration}s</arg>
<doc>Pauses the test executed for the given time.</doc>
<status status="PASS" start="2025-11-09T20:54:14.446306" elapsed="3.001072"/>
</kw>
<kw name="Evaluate" owner="BuiltIn">
<msg time="2025-11-09T20:54:17.448687" level="INFO">${success} = False</msg>
<var>${success}</var>
<arg>random.choice([True, False])</arg>
<arg>modules=random</arg>
<doc>Evaluates the given expression in Python and returns the result.</doc>
<status status="PASS" start="2025-11-09T20:54:17.447803" elapsed="0.000971"/>
</kw>
<kw name="Set Variable If" owner="BuiltIn">
<msg time="2025-11-09T20:54:17.449543" level="INFO">${status} = échoué</msg>
<var>${status}</var>
<arg>${success}</arg>
<arg>réussi</arg>
<arg>échoué</arg>
<doc>Sets variable based on the given condition.</doc>
<status status="PASS" start="2025-11-09T20:54:17.449153" elapsed="0.000457"/>
</kw>
<kw name="Get Current Date" owner="DateTime">
<msg time="2025-11-09T20:54:17.450367" level="INFO">${timestamp} = 2025-11-09 20:54:17</msg>
<var>${timestamp}</var>
<arg>result_format=%Y-%m-%d %H:%M:%S</arg>
<doc>Returns current local or UTC time with an optional increment.</doc>
<status status="PASS" start="2025-11-09T20:54:17.449869" elapsed="0.000566"/>
</kw>
<kw name="Create Dictionary" owner="BuiltIn">
<msg time="2025-11-09T20:54:17.451500" level="INFO">${entry} = {'task': 'backup', 'duration': 3, 'success': False, 'timestamp': '2025-11-09 20:54:17'}</msg>
<var>${entry}</var>
<arg>task=${task}</arg>
<arg>duration=${duration}</arg>
<arg>success=${success}</arg>
<arg>timestamp=${timestamp}</arg>
<doc>Creates and returns a dictionary based on the given ``items``.</doc>
<status status="PASS" start="2025-11-09T20:54:17.450692" elapsed="0.000880"/>
</kw>
<kw name="Append To List" owner="Collections">
<arg>${all_results}</arg>
<arg>${entry}</arg>
<doc>Adds ``values`` to the end of ``list``.</doc>
<status status="PASS" start="2025-11-09T20:54:17.451822" elapsed="0.000372"/>
</kw>
<kw name="Log To Console" owner="BuiltIn">
<arg>${task} #${i} : ${status} (${duration}s)</arg>
<doc>Logs the given message to the console.</doc>
<status status="PASS" start="2025-11-09T20:54:17.452430" elapsed="0.001219"/>
</kw>
<var name="${i}">3</var>
<status status="PASS" start="2025-11-09T20:54:14.444901" elapsed="3.008956"/>
</iter>
<iter>
<kw name="Evaluate" owner="BuiltIn">
<msg time="2025-11-09T20:54:17.455415" level="INFO">${duration} = 3</msg>
<var>${duration}</var>
<arg>random.randint(1, 3)</arg>
<arg>modules=random</arg>
<doc>Evaluates the given expression in Python and returns the result.</doc>
<status status="PASS" start="2025-11-09T20:54:17.454701" elapsed="0.000796"/>
</kw>
<kw name="Sleep" owner="BuiltIn">
<msg time="2025-11-09T20:54:20.456369" level="INFO">Slept 3 seconds.</msg>
<arg>${duration}s</arg>
<doc>Pauses the test executed for the given time.</doc>
<status status="PASS" start="2025-11-09T20:54:17.455768" elapsed="3.000870"/>
</kw>
<kw name="Evaluate" owner="BuiltIn">
<msg time="2025-11-09T20:54:20.457876" level="INFO">${success} = False</msg>
<var>${success}</var>
<arg>random.choice([True, False])</arg>
<arg>modules=random</arg>
<doc>Evaluates the given expression in Python and returns the result.</doc>
<status status="PASS" start="2025-11-09T20:54:20.457044" elapsed="0.000916"/>
</kw>
<kw name="Set Variable If" owner="BuiltIn">
<msg time="2025-11-09T20:54:20.458765" level="INFO">${status} = échoué</msg>
<var>${status}</var>
<arg>${success}</arg>
<arg>réussi</arg>
<arg>échoué</arg>
<doc>Sets variable based on the given condition.</doc>
<status status="PASS" start="2025-11-09T20:54:20.458375" elapsed="0.000463"/>
</kw>
<kw name="Get Current Date" owner="DateTime">
<msg time="2025-11-09T20:54:20.459582" level="INFO">${timestamp} = 2025-11-09 20:54:20</msg>
<var>${timestamp}</var>
<arg>result_format=%Y-%m-%d %H:%M:%S</arg>
<doc>Returns current local or UTC time with an optional increment.</doc>
<status status="PASS" start="2025-11-09T20:54:20.459108" elapsed="0.000542"/>
</kw>
<kw name="Create Dictionary" owner="BuiltIn">
<msg time="2025-11-09T20:54:20.460684" level="INFO">${entry} = {'task': 'backup', 'duration': 3, 'success': False, 'timestamp': '2025-11-09 20:54:20'}</msg>
<var>${entry}</var>
<arg>task=${task}</arg>
<arg>duration=${duration}</arg>
<arg>success=${success}</arg>
<arg>timestamp=${timestamp}</arg>
<doc>Creates and returns a dictionary based on the given ``items``.</doc>
<status status="PASS" start="2025-11-09T20:54:20.459907" elapsed="0.000848"/>
</kw>
<kw name="Append To List" owner="Collections">
<arg>${all_results}</arg>
<arg>${entry}</arg>
<doc>Adds ``values`` to the end of ``list``.</doc>
<status status="PASS" start="2025-11-09T20:54:20.461011" elapsed="0.000389"/>
</kw>
<kw name="Log To Console" owner="BuiltIn">
<arg>${task} #${i} : ${status} (${duration}s)</arg>
<doc>Logs the given message to the console.</doc>
<status status="PASS" start="2025-11-09T20:54:20.461646" elapsed="0.001177"/>
</kw>
<var name="${i}">4</var>
<status status="PASS" start="2025-11-09T20:54:17.454386" elapsed="3.008704"/>
</iter>
<var>${i}</var>
<value>${ITERATIONS}</value>
<status status="PASS" start="2025-11-09T20:54:07.415681" elapsed="13.047604"/>
</for>
<var name="${task}">backup</var>
<status status="PASS" start="2025-11-09T20:54:07.414944" elapsed="13.048491"/>
</iter>
<iter>
<kw name="Log To Console" owner="BuiltIn">
<arg>---- Simulation pour la tâche ${task} ----</arg>
<doc>Logs the given message to the console.</doc>
<status status="PASS" start="2025-11-09T20:54:20.464178" elapsed="0.001022"/>
</kw>
<for flavor="IN RANGE">
<iter>
<kw name="Evaluate" owner="BuiltIn">
<msg time="2025-11-09T20:54:20.467132" level="INFO">${duration} = 3</msg>
<var>${duration}</var>
<arg>random.randint(1, 3)</arg>
<arg>modules=random</arg>
<doc>Evaluates the given expression in Python and returns the result.</doc>
<status status="PASS" start="2025-11-09T20:54:20.466446" elapsed="0.000770"/>
</kw>
<kw name="Sleep" owner="BuiltIn">
<msg time="2025-11-09T20:54:23.468304" level="INFO">Slept 3 seconds.</msg>
<arg>${duration}s</arg>
<doc>Pauses the test executed for the given time.</doc>
<status status="PASS" start="2025-11-09T20:54:20.467530" elapsed="3.001067"/>
</kw>
<kw name="Evaluate" owner="BuiltIn">
<msg time="2025-11-09T20:54:23.469938" level="INFO">${success} = False</msg>
<var>${success}</var>
<arg>random.choice([True, False])</arg>
<arg>modules=random</arg>
<doc>Evaluates the given expression in Python and returns the result.</doc>
<status status="PASS" start="2025-11-09T20:54:23.469052" elapsed="0.000978"/>
</kw>
<kw name="Set Variable If" owner="BuiltIn">
<msg time="2025-11-09T20:54:23.470808" level="INFO">${status} = échoué</msg>
<var>${status}</var>
<arg>${success}</arg>
<arg>réussi</arg>
<arg>échoué</arg>
<doc>Sets variable based on the given condition.</doc>
<status status="PASS" start="2025-11-09T20:54:23.470406" elapsed="0.000477"/>
</kw>
<kw name="Get Current Date" owner="DateTime">
<msg time="2025-11-09T20:54:23.471722" level="INFO">${timestamp} = 2025-11-09 20:54:23</msg>
<var>${timestamp}</var>
<arg>result_format=%Y-%m-%d %H:%M:%S</arg>
<doc>Returns current local or UTC time with an optional increment.</doc>
<status status="PASS" start="2025-11-09T20:54:23.471223" elapsed="0.000572"/>
</kw>
<kw name="Create Dictionary" owner="BuiltIn">
<msg time="2025-11-09T20:54:23.472941" level="INFO">${entry} = {'task': 'analyse', 'duration': 3, 'success': False, 'timestamp': '2025-11-09 20:54:23'}</msg>
<var>${entry}</var>
<arg>task=${task}</arg>
<arg>duration=${duration}</arg>
<arg>success=${success}</arg>
<arg>timestamp=${timestamp}</arg>
<doc>Creates and returns a dictionary based on the given ``items``.</doc>
<status status="PASS" start="2025-11-09T20:54:23.472080" elapsed="0.000936"/>
</kw>
<kw name="Append To List" owner="Collections">
<arg>${all_results}</arg>
<arg>${entry}</arg>
<doc>Adds ``values`` to the end of ``list``.</doc>
<status status="PASS" start="2025-11-09T20:54:23.473301" elapsed="0.000373"/>
</kw>
<kw name="Log To Console" owner="BuiltIn">
<arg>${task} #${i} : ${status} (${duration}s)</arg>
<doc>Logs the given message to the console.</doc>
<status status="PASS" start="2025-11-09T20:54:23.473926" elapsed="0.001300"/>
</kw>
<var name="${i}">0</var>
<status status="PASS" start="2025-11-09T20:54:20.466178" elapsed="3.009279"/>
</iter>
<iter>
<kw name="Evaluate" owner="BuiltIn">
<msg time="2025-11-09T20:54:23.477955" level="INFO">${duration} = 2</msg>
<var>${duration}</var>
<arg>random.randint(1, 3)</arg>
<arg>modules=random</arg>
<doc>Evaluates the given expression in Python and returns the result.</doc>
<status status="PASS" start="2025-11-09T20:54:23.476345" elapsed="0.001698"/>
</kw>
<kw name="Sleep" owner="BuiltIn">
<msg time="2025-11-09T20:54:25.479246" level="INFO">Slept 2 seconds.</msg>
<arg>${duration}s</arg>
<doc>Pauses the test executed for the given time.</doc>
<status status="PASS" start="2025-11-09T20:54:23.478428" elapsed="2.001092"/>
</kw>
<kw name="Evaluate" owner="BuiltIn">
<msg time="2025-11-09T20:54:25.480801" level="INFO">${success} = True</msg>
<var>${success}</var>
<arg>random.choice([True, False])</arg>
<arg>modules=random</arg>
<doc>Evaluates the given expression in Python and returns the result.</doc>
<status status="PASS" start="2025-11-09T20:54:25.479930" elapsed="0.000964"/>
</kw>
<kw name="Set Variable If" owner="BuiltIn">
<msg time="2025-11-09T20:54:25.481688" level="INFO">${status} = réussi</msg>
<var>${status}</var>
<arg>${success}</arg>
<arg>réussi</arg>
<arg>échoué</arg>
<doc>Sets variable based on the given condition.</doc>
<status status="PASS" start="2025-11-09T20:54:25.481274" elapsed="0.000490"/>
</kw>
<kw name="Get Current Date" owner="DateTime">
<msg time="2025-11-09T20:54:25.482605" level="INFO">${timestamp} = 2025-11-09 20:54:25</msg>
<var>${timestamp}</var>
<arg>result_format=%Y-%m-%d %H:%M:%S</arg>
<doc>Returns current local or UTC time with an optional increment.</doc>
<status status="PASS" start="2025-11-09T20:54:25.482064" elapsed="0.000611"/>
</kw>
<kw name="Create Dictionary" owner="BuiltIn">
<msg time="2025-11-09T20:54:25.483733" level="INFO">${entry} = {'task': 'analyse', 'duration': 2, 'success': True, 'timestamp': '2025-11-09 20:54:25'}</msg>
<var>${entry}</var>
<arg>task=${task}</arg>
<arg>duration=${duration}</arg>
<arg>success=${success}</arg>
<arg>timestamp=${timestamp}</arg>
<doc>Creates and returns a dictionary based on the given ``items``.</doc>
<status status="PASS" start="2025-11-09T20:54:25.482933" elapsed="0.000869"/>
</kw>
<kw name="Append To List" owner="Collections">
<arg>${all_results}</arg>
<arg>${entry}</arg>
<doc>Adds ``values`` to the end of ``list``.</doc>
<status status="PASS" start="2025-11-09T20:54:25.484072" elapsed="0.000354"/>
</kw>
<kw name="Log To Console" owner="BuiltIn">
<arg>${task} #${i} : ${status} (${duration}s)</arg>
<doc>Logs the given message to the console.</doc>
<status status="PASS" start="2025-11-09T20:54:25.484664" elapsed="0.001128"/>
</kw>
<var name="${i}">1</var>
<status status="PASS" start="2025-11-09T20:54:23.476035" elapsed="2.009912"/>
</iter>
<iter>
<kw name="Evaluate" owner="BuiltIn">
<msg time="2025-11-09T20:54:25.487575" level="INFO">${duration} = 3</msg>
<var>${duration}</var>
<arg>random.randint(1, 3)</arg>
<arg>modules=random</arg>
<doc>Evaluates the given expression in Python and returns the result.</doc>
<status status="PASS" start="2025-11-09T20:54:25.486836" elapsed="0.000825"/>
</kw>
<kw name="Sleep" owner="BuiltIn">
<msg time="2025-11-09T20:54:28.488815" level="INFO">Slept 3 seconds.</msg>
<arg>${duration}s</arg>
<doc>Pauses the test executed for the given time.</doc>
<status status="PASS" start="2025-11-09T20:54:25.487933" elapsed="3.001181"/>
</kw>
<kw name="Evaluate" owner="BuiltIn">
<msg time="2025-11-09T20:54:28.490363" level="INFO">${success} = True</msg>
<var>${success}</var>
<arg>random.choice([True, False])</arg>
<arg>modules=random</arg>
<doc>Evaluates the given expression in Python and returns the result.</doc>
<status status="PASS" start="2025-11-09T20:54:28.489549" elapsed="0.000895"/>
</kw>
<kw name="Set Variable If" owner="BuiltIn">
<msg time="2025-11-09T20:54:28.491213" level="INFO">${status} = réussi</msg>
<var>${status}</var>
<arg>${success}</arg>
<arg>réussi</arg>
<arg>échoué</arg>
<doc>Sets variable based on the given condition.</doc>
<status status="PASS" start="2025-11-09T20:54:28.490817" elapsed="0.000465"/>
</kw>
<kw name="Get Current Date" owner="DateTime">
<msg time="2025-11-09T20:54:28.491991" level="INFO">${timestamp} = 2025-11-09 20:54:28</msg>
<var>${timestamp}</var>
<arg>result_format=%Y-%m-%d %H:%M:%S</arg>
<doc>Returns current local or UTC time with an optional increment.</doc>
<status status="PASS" start="2025-11-09T20:54:28.491536" elapsed="0.000522"/>
</kw>
<kw name="Create Dictionary" owner="BuiltIn">
<msg time="2025-11-09T20:54:28.493148" level="INFO">${entry} = {'task': 'analyse', 'duration': 3, 'success': True, 'timestamp': '2025-11-09 20:54:28'}</msg>
<var>${entry}</var>
<arg>task=${task}</arg>
<arg>duration=${duration}</arg>
<arg>success=${success}</arg>
<arg>timestamp=${timestamp}</arg>
<doc>Creates and returns a dictionary based on the given ``items``.</doc>
<status status="PASS" start="2025-11-09T20:54:28.492306" elapsed="0.000912"/>
</kw>
<kw name="Append To List" owner="Collections">
<arg>${all_results}</arg>
<arg>${entry}</arg>
<doc>Adds ``values`` to the end of ``list``.</doc>
<status status="PASS" start="2025-11-09T20:54:28.493467" elapsed="0.000354"/>
</kw>
<kw name="Log To Console" owner="BuiltIn">
<arg>${task} #${i} : ${status} (${duration}s)</arg>
<doc>Logs the given message to the console.</doc>
<status status="PASS" start="2025-11-09T20:54:28.494068" elapsed="0.001143"/>
</kw>
<var name="${i}">2</var>
<status status="PASS" start="2025-11-09T20:54:25.486512" elapsed="3.008905"/>
</iter>
<iter>
<kw name="Evaluate" owner="BuiltIn">
<msg time="2025-11-09T20:54:28.497009" level="INFO">${duration} = 3</msg>
<var>${duration}</var>
<arg>random.randint(1, 3)</arg>
<arg>modules=random</arg>
<doc>Evaluates the given expression in Python and returns the result.</doc>
<status status="PASS" start="2025-11-09T20:54:28.496235" elapsed="0.000879"/>
</kw>
<kw name="Sleep" owner="BuiltIn">
<msg time="2025-11-09T20:54:31.498171" level="INFO">Slept 3 seconds.</msg>
<arg>${duration}s</arg>
<doc>Pauses the test executed for the given time.</doc>
<status status="PASS" start="2025-11-09T20:54:28.497397" elapsed="3.001039"/>
</kw>
<kw name="Evaluate" owner="BuiltIn">
<msg time="2025-11-09T20:54:31.499698" level="INFO">${success} = False</msg>
<var>${success}</var>
<arg>random.choice([True, False])</arg>
<arg>modules=random</arg>
<doc>Evaluates the given expression in Python and returns the result.</doc>
<status status="PASS" start="2025-11-09T20:54:31.498867" elapsed="0.000917"/>
</kw>
<kw name="Set Variable If" owner="BuiltIn">
<msg time="2025-11-09T20:54:31.500497" level="INFO">${status} = échoué</msg>
<var>${status}</var>
<arg>${success}</arg>
<arg>réussi</arg>
<arg>échoué</arg>
<doc>Sets variable based on the given condition.</doc>
<status status="PASS" start="2025-11-09T20:54:31.500130" elapsed="0.000453"/>
</kw>
<kw name="Get Current Date" owner="DateTime">
<msg time="2025-11-09T20:54:31.501801" level="INFO">${timestamp} = 2025-11-09 20:54:31</msg>
<var>${timestamp}</var>
<arg>result_format=%Y-%m-%d %H:%M:%S</arg>
<doc>Returns current local or UTC time with an optional increment.</doc>
<status status="PASS" start="2025-11-09T20:54:31.500865" elapsed="0.001025"/>
</kw>
<kw name="Create Dictionary" owner="BuiltIn">
<msg time="2025-11-09T20:54:31.503504" level="INFO">${entry} = {'task': 'analyse', 'duration': 3, 'success': False, 'timestamp': '2025-11-09 20:54:31'}</msg>
<var>${entry}</var>
<arg>task=${task}</arg>
<arg>duration=${duration}</arg>
<arg>success=${success}</arg>
<arg>timestamp=${timestamp}</arg>
<doc>Creates and returns a dictionary based on the given ``items``.</doc>
<status status="PASS" start="2025-11-09T20:54:31.502366" elapsed="0.001221"/>
</kw>
<kw name="Append To List" owner="Collections">
<arg>${all_results}</arg>
<arg>${entry}</arg>
<doc>Adds ``values`` to the end of ``list``.</doc>
<status status="PASS" start="2025-11-09T20:54:31.503859" elapsed="0.000386"/>
</kw>
<kw name="Log To Console" owner="BuiltIn">
<arg>${task} #${i} : ${status} (${duration}s)</arg>
<doc>Logs the given message to the console.</doc>
<status status="PASS" start="2025-11-09T20:54:31.504483" elapsed="0.001115"/>
</kw>
<var name="${i}">3</var>
<status status="PASS" start="2025-11-09T20:54:28.495937" elapsed="3.009855"/>
</iter>
<iter>
<kw name="Evaluate" owner="BuiltIn">
<msg time="2025-11-09T20:54:31.507375" level="INFO">${duration} = 2</msg>
<var>${duration}</var>
<arg>random.randint(1, 3)</arg>
<arg>modules=random</arg>
<doc>Evaluates the given expression in Python and returns the result.</doc>
<status status="PASS" start="2025-11-09T20:54:31.506649" elapsed="0.000811"/>
</kw>
<kw name="Sleep" owner="BuiltIn">
<msg time="2025-11-09T20:54:33.508525" level="INFO">Slept 2 seconds.</msg>
<arg>${duration}s</arg>
<doc>Pauses the test executed for the given time.</doc>
<status status="PASS" start="2025-11-09T20:54:31.507734" elapsed="2.001042"/>
</kw>
<kw name="Evaluate" owner="BuiltIn">
<msg time="2025-11-09T20:54:33.509971" level="INFO">${success} = True</msg>
<var>${success}</var>
<arg>random.choice([True, False])</arg>
<arg>modules=random</arg>
<doc>Evaluates the given expression in Python and returns the result.</doc>
<status status="PASS" start="2025-11-09T20:54:33.509163" elapsed="0.000888"/>
</kw>
<kw name="Set Variable If" owner="BuiltIn">
<msg time="2025-11-09T20:54:33.511133" level="INFO">${status} = réussi</msg>
<var>${status}</var>
<arg>${success}</arg>
<arg>réussi</arg>
<arg>échoué</arg>
<doc>Sets variable based on the given condition.</doc>
<status status="PASS" start="2025-11-09T20:54:33.510357" elapsed="0.000850"/>
</kw>
<kw name="Get Current Date" owner="DateTime">
<msg time="2025-11-09T20:54:33.511908" level="INFO">${timestamp} = 2025-11-09 20:54:33</msg>
<var>${timestamp}</var>
<arg>result_format=%Y-%m-%d %H:%M:%S</arg>
<doc>Returns current local or UTC time with an optional increment.</doc>
<status status="PASS" start="2025-11-09T20:54:33.511488" elapsed="0.000483"/>
</kw>
<kw name="Create Dictionary" owner="BuiltIn">
<msg time="2025-11-09T20:54:33.512955" level="INFO">${entry} = {'task': 'analyse', 'duration': 2, 'success': True, 'timestamp': '2025-11-09 20:54:33'}</msg>
<var>${entry}</var>
<arg>task=${task}</arg>
<arg>duration=${duration}</arg>
<arg>success=${success}</arg>
<arg>timestamp=${timestamp}</arg>
<doc>Creates and returns a dictionary based on the given ``items``.</doc>
<status status="PASS" start="2025-11-09T20:54:33.512206" elapsed="0.000815"/>
</kw>
<kw name="Append To List" owner="Collections">
<arg>${all_results}</arg>
<arg>${entry}</arg>
<doc>Adds ``values`` to the end of ``list``.</doc>
<status status="PASS" start="2025-11-09T20:54:33.513249" elapsed="0.000341"/>
</kw>
<kw name="Log To Console" owner="BuiltIn">
<arg>${task} #${i} : ${status} (${duration}s)</arg>
<doc>Logs the given message to the console.</doc>
<status status="PASS" start="2025-11-09T20:54:33.513803" elapsed="0.001045"/>
</kw>
<var name="${i}">4</var>
<status status="PASS" start="2025-11-09T20:54:31.506336" elapsed="2.008710"/>
</iter>
<var>${i}</var>
<value>${ITERATIONS}</value>
<status status="PASS" start="2025-11-09T20:54:20.465483" elapsed="13.049740"/>
</for>
<var name="${task}">analyse</var>
<status status="PASS" start="2025-11-09T20:54:20.463927" elapsed="13.051427"/>
</iter>
<iter>
<kw name="Log To Console" owner="BuiltIn">
<arg>---- Simulation pour la tâche ${task} ----</arg>
<doc>Logs the given message to the console.</doc>
<status status="PASS" start="2025-11-09T20:54:33.516048" elapsed="0.000945"/>
</kw>
<for flavor="IN RANGE">
<iter>
<kw name="Evaluate" owner="BuiltIn">
<msg time="2025-11-09T20:54:33.518781" level="INFO">${duration} = 1</msg>
<var>${duration}</var>
<arg>random.randint(1, 3)</arg>
<arg>modules=random</arg>
<doc>Evaluates the given expression in Python and returns the result.</doc>
<status status="PASS" start="2025-11-09T20:54:33.518140" elapsed="0.000719"/>
</kw>
<kw name="Sleep" owner="BuiltIn">
<msg time="2025-11-09T20:54:34.519828" level="INFO">Slept 1 second.</msg>
<arg>${duration}s</arg>
<doc>Pauses the test executed for the given time.</doc>
<status status="PASS" start="2025-11-09T20:54:33.519111" elapsed="1.001006"/>
</kw>
<kw name="Evaluate" owner="BuiltIn">
<msg time="2025-11-09T20:54:34.521734" level="INFO">${success} = False</msg>
<var>${success}</var>
<arg>random.choice([True, False])</arg>
<arg>modules=random</arg>
<doc>Evaluates the given expression in Python and returns the result.</doc>
<status status="PASS" start="2025-11-09T20:54:34.520667" elapsed="0.001172"/>
</kw>
<kw name="Set Variable If" owner="BuiltIn">
<msg time="2025-11-09T20:54:34.522758" level="INFO">${status} = échoué</msg>
<var>${status}</var>
<arg>${success}</arg>
<arg>réussi</arg>
<arg>échoué</arg>
<doc>Sets variable based on the given condition.</doc>
<status status="PASS" start="2025-11-09T20:54:34.522314" elapsed="0.000549"/>
</kw>
<kw name="Get Current Date" owner="DateTime">
<msg time="2025-11-09T20:54:34.523729" level="INFO">${timestamp} = 2025-11-09 20:54:34</msg>
<var>${timestamp}</var>
<arg>result_format=%Y-%m-%d %H:%M:%S</arg>
<doc>Returns current local or UTC time with an optional increment.</doc>
<status status="PASS" start="2025-11-09T20:54:34.523171" elapsed="0.000637"/>
</kw>
<kw name="Create Dictionary" owner="BuiltIn">
<msg time="2025-11-09T20:54:34.524972" level="INFO">${entry} = {'task': 'upload', 'duration': 1, 'success': False, 'timestamp': '2025-11-09 20:54:34'}</msg>
<var>${entry}</var>
<arg>task=${task}</arg>
<arg>duration=${duration}</arg>
<arg>success=${success}</arg>
<arg>timestamp=${timestamp}</arg>
<doc>Creates and returns a dictionary based on the given ``items``.</doc>
<status status="PASS" start="2025-11-09T20:54:34.524109" elapsed="0.000941"/>
</kw>
<kw name="Append To List" owner="Collections">
<arg>${all_results}</arg>
<arg>${entry}</arg>
<doc>Adds ``values`` to the end of ``list``.</doc>
<status status="PASS" start="2025-11-09T20:54:34.525325" elapsed="0.000415"/>
</kw>
<kw name="Log To Console" owner="BuiltIn">
<arg>${task} #${i} : ${status} (${duration}s)</arg>
<doc>Logs the given message to the console.</doc>
<status status="PASS" start="2025-11-09T20:54:34.525995" elapsed="0.001268"/>
</kw>
<var name="${i}">0</var>
<status status="PASS" start="2025-11-09T20:54:33.517901" elapsed="1.009538"/>
</iter>
<iter>
<kw name="Evaluate" owner="BuiltIn">
<msg time="2025-11-09T20:54:34.529008" level="INFO">${duration} = 1</msg>
<var>${duration}</var>
<arg>random.randint(1, 3)</arg>
<arg>modules=random</arg>
<doc>Evaluates the given expression in Python and returns the result.</doc>
<status status="PASS" start="2025-11-09T20:54:34.528277" elapsed="0.000814"/>
</kw>
<kw name="Sleep" owner="BuiltIn">
<msg time="2025-11-09T20:54:35.530345" level="INFO">Slept 1 second.</msg>
<arg>${duration}s</arg>
<doc>Pauses the test executed for the given time.</doc>
<status status="PASS" start="2025-11-09T20:54:34.529393" elapsed="1.001218"/>
</kw>
<kw name="Evaluate" owner="BuiltIn">
<msg time="2025-11-09T20:54:35.532003" level="INFO">${success} = True</msg>
<var>${success}</var>
<arg>random.choice([True, False])</arg>
<arg>modules=random</arg>
<doc>Evaluates the given expression in Python and returns the result.</doc>
<status status="PASS" start="2025-11-09T20:54:35.531147" elapsed="0.000943"/>
</kw>
<kw name="Set Variable If" owner="BuiltIn">
<msg time="2025-11-09T20:54:35.532859" level="INFO">${status} = réussi</msg>
<var>${status}</var>
<arg>${success}</arg>
<arg>réussi</arg>
<arg>échoué</arg>
<doc>Sets variable based on the given condition.</doc>
<status status="PASS" start="2025-11-09T20:54:35.532464" elapsed="0.000463"/>
</kw>
<kw name="Get Current Date" owner="DateTime">
<msg time="2025-11-09T20:54:35.533658" level="INFO">${timestamp} = 2025-11-09 20:54:35</msg>
<var>${timestamp}</var>
<arg>result_format=%Y-%m-%d %H:%M:%S</arg>
<doc>Returns current local or UTC time with an optional increment.</doc>
<status status="PASS" start="2025-11-09T20:54:35.533212" elapsed="0.000512"/>
</kw>
<kw name="Create Dictionary" owner="BuiltIn">
<msg time="2025-11-09T20:54:35.534772" level="INFO">${entry} = {'task': 'upload', 'duration': 1, 'success': True, 'timestamp': '2025-11-09 20:54:35'}</msg>
<var>${entry}</var>
<arg>task=${task}</arg>
<arg>duration=${duration}</arg>
<arg>success=${success}</arg>
<arg>timestamp=${timestamp}</arg>
<doc>Creates and returns a dictionary based on the given ``items``.</doc>
<status status="PASS" start="2025-11-09T20:54:35.533978" elapsed="0.000863"/>
</kw>
<kw name="Append To List" owner="Collections">
<arg>${all_results}</arg>
<arg>${entry}</arg>
<doc>Adds ``values`` to the end of ``list``.</doc>
<status status="PASS" start="2025-11-09T20:54:35.535103" elapsed="0.000347"/>
</kw>
<kw name="Log To Console" owner="BuiltIn">
<arg>${task} #${i} : ${status} (${duration}s)</arg>
<doc>Logs the given message to the console.</doc>
<status status="PASS" start="2025-11-09T20:54:35.535684" elapsed="0.001149"/>
</kw>
<var name="${i}">1</var>
<status status="PASS" start="2025-11-09T20:54:34.527979" elapsed="1.009067"/>
</iter>
<iter>
<kw name="Evaluate" owner="BuiltIn">
<msg time="2025-11-09T20:54:35.538650" level="INFO">${duration} = 3</msg>
<var>${duration}</var>
<arg>random.randint(1, 3)</arg>
<arg>modules=random</arg>
<doc>Evaluates the given expression in Python and returns the result.</doc>
<status status="PASS" start="2025-11-09T20:54:35.537869" elapsed="0.000863"/>
</kw>
<kw name="Sleep" owner="BuiltIn">
<msg time="2025-11-09T20:54:38.539862" level="INFO">Slept 3 seconds.</msg>
<arg>${duration}s</arg>
<doc>Pauses the test executed for the given time.</doc>
<status status="PASS" start="2025-11-09T20:54:35.539009" elapsed="3.001143"/>
</kw>
<kw name="Evaluate" owner="BuiltIn">
<msg time="2025-11-09T20:54:38.541398" level="INFO">${success} = False</msg>
<var>${success}</var>
<arg>random.choice([True, False])</arg>
<arg>modules=random</arg>
<doc>Evaluates the given expression in Python and returns the result.</doc>
<status status="PASS" start="2025-11-09T20:54:38.540586" elapsed="0.000894"/>
</kw>
<kw name="Set Variable If" owner="BuiltIn">
<msg time="2025-11-09T20:54:38.542199" level="INFO">${status} = échoué</msg>
<var>${status}</var>
<arg>${success}</arg>
<arg>réussi</arg>
<arg>échoué</arg>
<doc>Sets variable based on the given condition.</doc>
<status status="PASS" start="2025-11-09T20:54:38.541831" elapsed="0.000437"/>
</kw>
<kw name="Get Current Date" owner="DateTime">
<msg time="2025-11-09T20:54:38.543316" level="INFO">${timestamp} = 2025-11-09 20:54:38</msg>
<var>${timestamp}</var>
<arg>result_format=%Y-%m-%d %H:%M:%S</arg>
<doc>Returns current local or UTC time with an optional increment.</doc>
<status status="PASS" start="2025-11-09T20:54:38.542526" elapsed="0.000881"/>
</kw>
<kw name="Create Dictionary" owner="BuiltIn">
<msg time="2025-11-09T20:54:38.544569" level="INFO">${entry} = {'task': 'upload', 'duration': 3, 'success': False, 'timestamp': '2025-11-09 20:54:38'}</msg>
<var>${entry}</var>
<arg>task=${task}</arg>
<arg>duration=${duration}</arg>
<arg>success=${success}</arg>
<arg>timestamp=${timestamp}</arg>
<doc>Creates and returns a dictionary based on the given ``items``.</doc>
<status status="PASS" start="2025-11-09T20:54:38.543756" elapsed="0.000890"/>
</kw>
<kw name="Append To List" owner="Collections">
<arg>${all_results}</arg>
<arg>${entry}</arg>
<doc>Adds ``values`` to the end of ``list``.</doc>
<status status="PASS" start="2025-11-09T20:54:38.544937" elapsed="0.000387"/>
</kw>
<kw name="Log To Console" owner="BuiltIn">
<arg>${task} #${i} : ${status} (${duration}s)</arg>
<doc>Logs the given message to the console.</doc>
<status status="PASS" start="2025-11-09T20:54:38.545578" elapsed="0.001198"/>
</kw>
<var name="${i}">2</var>
<status status="PASS" start="2025-11-09T20:54:35.537571" elapsed="3.009385"/>
</iter>
<iter>
<kw name="Evaluate" owner="BuiltIn">
<msg time="2025-11-09T20:54:38.548493" level="INFO">${duration} = 2</msg>
<var>${duration}</var>
<arg>random.randint(1, 3)</arg>
<arg>modules=random</arg>
<doc>Evaluates the given expression in Python and returns the result.</doc>
<status status="PASS" start="2025-11-09T20:54:38.547792" elapsed="0.000783"/>
</kw>
<kw name="Sleep" owner="BuiltIn">
<msg time="2025-11-09T20:54:40.550085" level="INFO">Slept 2 seconds.</msg>
<arg>${duration}s</arg>
<doc>Pauses the test executed for the given time.</doc>
<status status="PASS" start="2025-11-09T20:54:38.548885" elapsed="2.001465"/>
</kw>
<kw name="Evaluate" owner="BuiltIn">
<msg time="2025-11-09T20:54:40.551606" level="INFO">${success} = True</msg>
<var>${success}</var>
<arg>random.choice([True, False])</arg>
<arg>modules=random</arg>
<doc>Evaluates the given expression in Python and returns the result.</doc>
<status status="PASS" start="2025-11-09T20:54:40.550757" elapsed="0.000985"/>
</kw>
<kw name="Set Variable If" owner="BuiltIn">
<msg time="2025-11-09T20:54:40.552472" level="INFO">${status} = réussi</msg>
<var>${status}</var>
<arg>${success}</arg>
<arg>réussi</arg>
<arg>échoué</arg>
<doc>Sets variable based on the given condition.</doc>
<status status="PASS" start="2025-11-09T20:54:40.552103" elapsed="0.000437"/>
</kw>
<kw name="Get Current Date" owner="DateTime">
<msg time="2025-11-09T20:54:40.553272" level="INFO">${timestamp} = 2025-11-09 20:54:40</msg>
<var>${timestamp}</var>
<arg>result_format=%Y-%m-%d %H:%M:%S</arg>
<doc>Returns current local or UTC time with an optional increment.</doc>
<status status="PASS" start="2025-11-09T20:54:40.552816" elapsed="0.000523"/>
</kw>
<kw name="Create Dictionary" owner="BuiltIn">
<msg time="2025-11-09T20:54:40.554380" level="INFO">${entry} = {'task': 'upload', 'duration': 2, 'success': True, 'timestamp': '2025-11-09 20:54:40'}</msg>
<var>${entry}</var>
<arg>task=${task}</arg>
<arg>duration=${duration}</arg>
<arg>success=${success}</arg>
<arg>timestamp=${timestamp}</arg>
<doc>Creates and returns a dictionary based on the given ``items``.</doc>
<status status="PASS" start="2025-11-09T20:54:40.553589" elapsed="0.000859"/>
</kw>
<kw name="Append To List" owner="Collections">
<arg>${all_results}</arg>
<arg>${entry}</arg>
<doc>Adds ``values`` to the end of ``list``.</doc>
<status status="PASS" start="2025-11-09T20:54:40.554698" elapsed="0.000377"/>
</kw>
<kw name="Log To Console" owner="BuiltIn">
<arg>${task} #${i} : ${status} (${duration}s)</arg>
<doc>Logs the given message to the console.</doc>
<status status="PASS" start="2025-11-09T20:54:40.555311" elapsed="0.001142"/>
</kw>
<var name="${i}">3</var>
<status status="PASS" start="2025-11-09T20:54:38.547469" elapsed="2.009182"/>
</iter>
<iter>
<kw name="Evaluate" owner="BuiltIn">
<msg time="2025-11-09T20:54:40.558233" level="INFO">${duration} = 1</msg>
<var>${duration}</var>
<arg>random.randint(1, 3)</arg>
<arg>modules=random</arg>
<doc>Evaluates the given expression in Python and returns the result.</doc>
<status status="PASS" start="2025-11-09T20:54:40.557519" elapsed="0.000796"/>
</kw>
<kw name="Sleep" owner="BuiltIn">
<msg time="2025-11-09T20:54:41.559396" level="INFO">Slept 1 second.</msg>
<arg>${duration}s</arg>
<doc>Pauses the test executed for the given time.</doc>
<status status="PASS" start="2025-11-09T20:54:40.558590" elapsed="1.001072"/>
</kw>
<kw name="Evaluate" owner="BuiltIn">
<msg time="2025-11-09T20:54:41.560959" level="INFO">${success} = True</msg>
<var>${success}</var>
<arg>random.choice([True, False])</arg>
<arg>modules=random</arg>
<doc>Evaluates the given expression in Python and returns the result.</doc>
<status status="PASS" start="2025-11-09T20:54:41.560075" elapsed="0.000977"/>
</kw>
<kw name="Set Variable If" owner="BuiltIn">
<msg time="2025-11-09T20:54:41.561835" level="INFO">${status} = réussi</msg>
<var>${status}</var>
<arg>${success}</arg>
<arg>réussi</arg>
<arg>échoué</arg>
<doc>Sets variable based on the given condition.</doc>
<status status="PASS" start="2025-11-09T20:54:41.561432" elapsed="0.000472"/>
</kw>
<kw name="Get Current Date" owner="DateTime">
<msg time="2025-11-09T20:54:41.562655" level="INFO">${timestamp} = 2025-11-09 20:54:41</msg>
<var>${timestamp}</var>
<arg>result_format=%Y-%m-%d %H:%M:%S</arg>
<doc>Returns current local or UTC time with an optional increment.</doc>
<status status="PASS" start="2025-11-09T20:54:41.562180" elapsed="0.000541"/>
</kw>
<kw name="Create Dictionary" owner="BuiltIn">
<msg time="2025-11-09T20:54:41.563757" level="INFO">${entry} = {'task': 'upload', 'duration': 1, 'success': True, 'timestamp': '2025-11-09 20:54:41'}</msg>
<var>${entry}</var>
<arg>task=${task}</arg>
<arg>duration=${duration}</arg>
<arg>success=${success}</arg>
<arg>timestamp=${timestamp}</arg>
<doc>Creates and returns a dictionary based on the given ``items``.</doc>
<status status="PASS" start="2025-11-09T20:54:41.562977" elapsed="0.000849"/>
</kw>
<kw name="Append To List" owner="Collections">
<arg>${all_results}</arg>
<arg>${entry}</arg>
<doc>Adds ``values`` to the end of ``list``.</doc>
<status status="PASS" start="2025-11-09T20:54:41.564072" elapsed="0.000364"/>
</kw>
<kw name="Log To Console" owner="BuiltIn">
<arg>${task} #${i} : ${status} (${duration}s)</arg>
<doc>Logs the given message to the console.</doc>
<status status="PASS" start="2025-11-09T20:54:41.564668" elapsed="0.001138"/>
</kw>
<var name="${i}">4</var>
<status status="PASS" start="2025-11-09T20:54:40.557196" elapsed="1.008816"/>
</iter>
<var>${i}</var>
<value>${ITERATIONS}</value>
<status status="PASS" start="2025-11-09T20:54:33.517258" elapsed="8.048906"/>
</for>
<var name="${task}">upload</var>
<status status="PASS" start="2025-11-09T20:54:33.515808" elapsed="8.050487"/>
</iter>
<var>${task}</var>
<value>@{TASKS}</value>
<status status="PASS" start="2025-11-09T20:54:07.414671" elapsed="34.151697"/>
</for>
<kw name="Evaluate" owner="BuiltIn">
<msg time="2025-11-09T20:54:41.569110" level="INFO">${json} = [
    {
        "task": "backup",
        "duration": 3,
        "success": false,
        "timestamp": "2025-11-09 20:54:10"
    },
    {
        "task": "backup",
        "duration": 3,
        "suc...</msg>
<var>${json}</var>
<arg>__import__('json').dumps(${all_results}, indent=4)</arg>
<doc>Evaluates the given expression in Python and returns the result.</doc>
<status status="PASS" start="2025-11-09T20:54:41.567161" elapsed="0.002062"/>
</kw>
<kw name="Create File" owner="OperatingSystem">
<msg time="2025-11-09T20:54:41.574000" level="INFO" html="true">Created file '&lt;a href="file://C:\Users\Client\Desktop\task_automation_robot\robot\backend\data\logs.json"&gt;C:\Users\Client\Desktop\task_automation_robot\robot\backend\data\logs.json&lt;/a&gt;'.</msg>
<arg>${LOG_FILE}</arg>
<arg>${json}</arg>
<doc>Creates a file with the given content and encoding.</doc>
<status status="PASS" start="2025-11-09T20:54:41.569808" elapsed="0.004460"/>
</kw>
<kw name="Log To Console" owner="BuiltIn">
<arg>=== Résultats enregistrés dans ${LOG_FILE} ===</arg>
<doc>Logs the given message to the console.</doc>
<status status="PASS" start="2025-11-09T20:54:41.574870" elapsed="0.000837"/>
</kw>
<kw name="Log To Console" owner="BuiltIn">
<arg>=== Fin de la simulation ===</arg>
<doc>Logs the given message to the console.</doc>
<status status="PASS" start="2025-11-09T20:54:41.576348" elapsed="0.001317"/>
</kw>
<status status="PASS" start="2025-11-09T20:54:07.409596" elapsed="34.168953"/>
</test>
<doc>Robot pour simuler plusieurs exécutions réalistes de tâches automatiques</doc>
<status status="PASS" start="2025-11-09T20:54:06.653812" elapsed="34.927137"/>
</suite>
<statistics>
<total>
<stat pass="1" fail="0" skip="0">All Tests</stat>
</total>
<tag>
</tag>
<suite>
<stat name="Runner" id="s1" pass="1" fail="0" skip="0">Runner</stat>
</suite>
</statistics>
<errors>
</errors>
</robot>
